<?xml version="1.0" encoding="UTF-8"?>
<!-- Generated by org.testng.reporters.JUnitXMLReporter -->
<testsuite hostname="Priyanka_Acer" name="Default test" tests="7" failures="0" timestamp="25 May 2019 03:39:54 GMT" time="172.001" errors="0">
  <testcase name="validateTitleOfMerchandsPage" time="0.148" classname="com.qa.testcases.MerchandsPageTest"/>
  <testcase name="validateHelpMenu" time="3.585" classname="com.qa.testcases.MerchandsPageTest"/>
  <testcase name="validateEnableYes" time="0.252" classname="com.qa.testcases.MerchandsPageTest"/>
  <testcase name="validateEnableNo" time="0.164" classname="com.qa.testcases.MerchandsPageTest"/>
  <testcase name="validateReturnsPrefix" time="0.211" classname="com.qa.testcases.MerchandsPageTest"/>
  <testcase name="validateTimeLimitOfValidity" time="0.343" classname="com.qa.testcases.MerchandsPageTest"/>
  <testcase name="validateSavebtn" time="1.044" classname="com.qa.testcases.MerchandsPageTest"/>
</testsuite> <!-- Default test -->
