<?xml version="1.0" encoding="UTF-8"?>
<!-- Generated by org.testng.reporters.JUnitXMLReporter -->
<testsuite hostname="Priyanka_Acer" name="Test" tests="87" failures="0" timestamp="25 May 2019 05:06:41 GMT" time="103.107" errors="0">
  <testcase name="@BeforeMethod setUp" time="0.0" classname="com.qa.testcases.DashBoardPageTest">
    <failure type="org.openqa.selenium.WebDriverException" message="chrome not reachable
  (Session info: chrome=74.0.3729.169)
  (Driver info: chromedriver=2.46.628402 (536cd7adbad73a3783fdc2cab92ab2ba7ec361e1),platform=Windows NT 6.1.7601 SP1 x86_64) (WARNING: The server did not provide any stacktrace information)
Command duration or timeout: 6.09 seconds
Build info: version: &amp;apos;2.45.0&amp;apos;, revision: &amp;apos;5017cb8e7ca8e37638dc3091b2440b90a1d8686f&amp;apos;, time: &amp;apos;2015-02-27 09:10:26&amp;apos;
System info: host: &amp;apos;Priyanka_Acer&amp;apos;, ip: &amp;apos;192.168.43.180&amp;apos;, os.name: &amp;apos;Windows 7&amp;apos;, os.arch: &amp;apos;amd64&amp;apos;, os.version: &amp;apos;6.1&amp;apos;, java.version: &amp;apos;1.8.0_191&amp;apos;
Driver info: org.openqa.selenium.chrome.ChromeDriver
Capabilities [{mobileEmulationEnabled=false, timeouts={implicit=0, pageLoad=300000, script=30000}, hasTouchScreen=false, platform=XP, acceptSslCerts=false, goog:chromeOptions={debuggerAddress=localhost:59919}, acceptInsecureCerts=false, webStorageEnabled=true, browserName=chrome, takesScreenshot=true, javascriptEnabled=true, setWindowRect=true, unexpectedAlertBehaviour=ignore, applicationCacheEnabled=false, rotatable=false, networkConnectionEnabled=false, chrome={chromedriverVersion=2.46.628402 (536cd7adbad73a3783fdc2cab92ab2ba7ec361e1), userDataDir=C:\Users\Priyanka\AppData\Local\Temp\scoped_dir14104_26966}, takesHeapSnapshot=true, pageLoadStrategy=normal, strictFileInteractability=false, databaseEnabled=false, handlesAlerts=true, version=74.0.3729.169, browserConnectionEnabled=false, proxy={}, nativeEvents=true, locationContextEnabled=true, cssSelectorsEnabled=true}]
Session ID: 26a2d64f266870d89048638ab19500c7
*** Element info: {Using=xpath, value=//input[@id=&amp;apos;email&amp;apos;]}">
      <![CDATA[org.openqa.selenium.WebDriverException: chrome not reachable
  (Session info: chrome=74.0.3729.169)
  (Driver info: chromedriver=2.46.628402 (536cd7adbad73a3783fdc2cab92ab2ba7ec361e1),platform=Windows NT 6.1.7601 SP1 x86_64) (WARNING: The server did not provide any stacktrace information)
Command duration or timeout: 6.09 seconds
Build info: version: '2.45.0', revision: '5017cb8e7ca8e37638dc3091b2440b90a1d8686f', time: '2015-02-27 09:10:26'
System info: host: 'Priyanka_Acer', ip: '192.168.43.180', os.name: 'Windows 7', os.arch: 'amd64', os.version: '6.1', java.version: '1.8.0_191'
Driver info: org.openqa.selenium.chrome.ChromeDriver
Capabilities [{mobileEmulationEnabled=false, timeouts={implicit=0, pageLoad=300000, script=30000}, hasTouchScreen=false, platform=XP, acceptSslCerts=false, goog:chromeOptions={debuggerAddress=localhost:59919}, acceptInsecureCerts=false, webStorageEnabled=true, browserName=chrome, takesScreenshot=true, javascriptEnabled=true, setWindowRect=true, unexpectedAlertBehaviour=ignore, applicationCacheEnabled=false, rotatable=false, networkConnectionEnabled=false, chrome={chromedriverVersion=2.46.628402 (536cd7adbad73a3783fdc2cab92ab2ba7ec361e1), userDataDir=C:\Users\Priyanka\AppData\Local\Temp\scoped_dir14104_26966}, takesHeapSnapshot=true, pageLoadStrategy=normal, strictFileInteractability=false, databaseEnabled=false, handlesAlerts=true, version=74.0.3729.169, browserConnectionEnabled=false, proxy={}, nativeEvents=true, locationContextEnabled=true, cssSelectorsEnabled=true}]
Session ID: 26a2d64f266870d89048638ab19500c7
*** Element info: {Using=xpath, value=//input[@id='email']}
	at org.openqa.selenium.remote.ErrorHandler.createThrowable(ErrorHandler.java:204)
	at org.openqa.selenium.remote.ErrorHandler.throwIfResponseFailed(ErrorHandler.java:156)
	at org.openqa.selenium.remote.RemoteWebDriver.execute(RemoteWebDriver.java:599)
	at org.openqa.selenium.remote.RemoteWebDriver.findElement(RemoteWebDriver.java:352)
	at org.openqa.selenium.remote.RemoteWebDriver.findElementByXPath(RemoteWebDriver.java:449)
	at org.openqa.selenium.By$ByXPath.findElement(By.java:357)
	at org.openqa.selenium.remote.RemoteWebDriver.findElement(RemoteWebDriver.java:344)
	at org.openqa.selenium.support.pagefactory.DefaultElementLocator.findElement(DefaultElementLocator.java:59)
	at org.openqa.selenium.support.pagefactory.internal.LocatingElementHandler.invoke(LocatingElementHandler.java:37)
	at com.sun.proxy.$Proxy6.sendKeys(Unknown Source)
	at com.qa.pages.LoginPage.CheckValideEmailAndPassword(LoginPage.java:153)
	at com.qa.testcases.DashBoardPageTest.setUp(DashBoardPageTest.java:32)
	at org.apache.maven.surefire.testng.TestNGExecutor.run(TestNGExecutor.java:283)
	at org.apache.maven.surefire.testng.TestNGXmlTestSuite.execute(TestNGXmlTestSuite.java:75)
	at org.apache.maven.surefire.testng.TestNGProvider.invoke(TestNGProvider.java:120)
	at org.apache.maven.surefire.booter.ForkedBooter.invokeProviderInSameClassLoader(ForkedBooter.java:384)
	at org.apache.maven.surefire.booter.ForkedBooter.runSuitesInProcess(ForkedBooter.java:345)
	at org.apache.maven.surefire.booter.ForkedBooter.execute(ForkedBooter.java:126)
	at org.apache.maven.surefire.booter.ForkedBooter.main(ForkedBooter.java:418)
... Removed 27 stack frames]]>
    </failure>
  </testcase> <!-- @BeforeMethod setUp -->
  <testcase name="@AfterMethod tearDown" time="0.0" classname="com.qa.testcases.DashBoardPageTest">
    <skipped/>
  </testcase> <!-- @AfterMethod tearDown -->
  <testcase name="@BeforeMethod setup" time="0.0" classname="com.qa.testcases.AddNewPageTest">
    <failure type="org.openqa.selenium.SessionNotCreatedException" message="session not created
from disconnected: received Inspector.detached event
  (Session info: chrome=74.0.3729.169)
  (Driver info: chromedriver=2.46.628402 (536cd7adbad73a3783fdc2cab92ab2ba7ec361e1),platform=Windows NT 6.1.7601 SP1 x86_64) (WARNING: The server did not provide any stacktrace information)
Command duration or timeout: 3.50 seconds
Build info: version: &amp;apos;2.45.0&amp;apos;, revision: &amp;apos;5017cb8e7ca8e37638dc3091b2440b90a1d8686f&amp;apos;, time: &amp;apos;2015-02-27 09:10:26&amp;apos;
System info: host: &amp;apos;Priyanka_Acer&amp;apos;, ip: &amp;apos;192.168.43.180&amp;apos;, os.name: &amp;apos;Windows 7&amp;apos;, os.arch: &amp;apos;amd64&amp;apos;, os.version: &amp;apos;6.1&amp;apos;, java.version: &amp;apos;1.8.0_191&amp;apos;
Driver info: org.openqa.selenium.chrome.ChromeDriver">
      <![CDATA[org.openqa.selenium.SessionNotCreatedException: session not created
from disconnected: received Inspector.detached event
  (Session info: chrome=74.0.3729.169)
  (Driver info: chromedriver=2.46.628402 (536cd7adbad73a3783fdc2cab92ab2ba7ec361e1),platform=Windows NT 6.1.7601 SP1 x86_64) (WARNING: The server did not provide any stacktrace information)
Command duration or timeout: 3.50 seconds
Build info: version: '2.45.0', revision: '5017cb8e7ca8e37638dc3091b2440b90a1d8686f', time: '2015-02-27 09:10:26'
System info: host: 'Priyanka_Acer', ip: '192.168.43.180', os.name: 'Windows 7', os.arch: 'amd64', os.version: '6.1', java.version: '1.8.0_191'
Driver info: org.openqa.selenium.chrome.ChromeDriver
	at org.openqa.selenium.remote.ErrorHandler.createThrowable(ErrorHandler.java:204)
	at org.openqa.selenium.remote.ErrorHandler.throwIfResponseFailed(ErrorHandler.java:156)
	at org.openqa.selenium.remote.RemoteWebDriver.execute(RemoteWebDriver.java:599)
	at org.openqa.selenium.remote.RemoteWebDriver.startSession(RemoteWebDriver.java:240)
	at org.openqa.selenium.remote.RemoteWebDriver.<init>(RemoteWebDriver.java:126)
	at org.openqa.selenium.remote.RemoteWebDriver.<init>(RemoteWebDriver.java:139)
	at org.openqa.selenium.chrome.ChromeDriver.<init>(ChromeDriver.java:171)
	at org.openqa.selenium.chrome.ChromeDriver.<init>(ChromeDriver.java:160)
	at org.openqa.selenium.chrome.ChromeDriver.<init>(ChromeDriver.java:117)
	at com.qa.base.TestBase.Initialization(TestBase.java:36)
	at com.qa.testcases.AddNewPageTest.setup(AddNewPageTest.java:27)
	at org.apache.maven.surefire.testng.TestNGExecutor.run(TestNGExecutor.java:283)
	at org.apache.maven.surefire.testng.TestNGXmlTestSuite.execute(TestNGXmlTestSuite.java:75)
	at org.apache.maven.surefire.testng.TestNGProvider.invoke(TestNGProvider.java:120)
	at org.apache.maven.surefire.booter.ForkedBooter.invokeProviderInSameClassLoader(ForkedBooter.java:384)
	at org.apache.maven.surefire.booter.ForkedBooter.runSuitesInProcess(ForkedBooter.java:345)
	at org.apache.maven.surefire.booter.ForkedBooter.execute(ForkedBooter.java:126)
	at org.apache.maven.surefire.booter.ForkedBooter.main(ForkedBooter.java:418)
... Removed 27 stack frames]]>
    </failure>
  </testcase> <!-- @BeforeMethod setup -->
  <testcase name="@BeforeMethod setUp" time="0.0" classname="com.qa.testcases.LoginPageTest">
    <failure type="org.openqa.selenium.SessionNotCreatedException" message="session not created
from chrome not reachable
  (Session info: chrome=74.0.3729.169)
  (Driver info: chromedriver=2.46.628402 (536cd7adbad73a3783fdc2cab92ab2ba7ec361e1),platform=Windows NT 6.1.7601 SP1 x86_64) (WARNING: The server did not provide any stacktrace information)
Command duration or timeout: 5.17 seconds
Build info: version: &amp;apos;2.45.0&amp;apos;, revision: &amp;apos;5017cb8e7ca8e37638dc3091b2440b90a1d8686f&amp;apos;, time: &amp;apos;2015-02-27 09:10:26&amp;apos;
System info: host: &amp;apos;Priyanka_Acer&amp;apos;, ip: &amp;apos;192.168.43.180&amp;apos;, os.name: &amp;apos;Windows 7&amp;apos;, os.arch: &amp;apos;amd64&amp;apos;, os.version: &amp;apos;6.1&amp;apos;, java.version: &amp;apos;1.8.0_191&amp;apos;
Driver info: org.openqa.selenium.chrome.ChromeDriver">
      <![CDATA[org.openqa.selenium.SessionNotCreatedException: session not created
from chrome not reachable
  (Session info: chrome=74.0.3729.169)
  (Driver info: chromedriver=2.46.628402 (536cd7adbad73a3783fdc2cab92ab2ba7ec361e1),platform=Windows NT 6.1.7601 SP1 x86_64) (WARNING: The server did not provide any stacktrace information)
Command duration or timeout: 5.17 seconds
Build info: version: '2.45.0', revision: '5017cb8e7ca8e37638dc3091b2440b90a1d8686f', time: '2015-02-27 09:10:26'
System info: host: 'Priyanka_Acer', ip: '192.168.43.180', os.name: 'Windows 7', os.arch: 'amd64', os.version: '6.1', java.version: '1.8.0_191'
Driver info: org.openqa.selenium.chrome.ChromeDriver
	at org.openqa.selenium.remote.ErrorHandler.createThrowable(ErrorHandler.java:204)
	at org.openqa.selenium.remote.ErrorHandler.throwIfResponseFailed(ErrorHandler.java:156)
	at org.openqa.selenium.remote.RemoteWebDriver.execute(RemoteWebDriver.java:599)
	at org.openqa.selenium.remote.RemoteWebDriver.startSession(RemoteWebDriver.java:240)
	at org.openqa.selenium.remote.RemoteWebDriver.<init>(RemoteWebDriver.java:126)
	at org.openqa.selenium.remote.RemoteWebDriver.<init>(RemoteWebDriver.java:139)
	at org.openqa.selenium.chrome.ChromeDriver.<init>(ChromeDriver.java:171)
	at org.openqa.selenium.chrome.ChromeDriver.<init>(ChromeDriver.java:160)
	at org.openqa.selenium.chrome.ChromeDriver.<init>(ChromeDriver.java:117)
	at com.qa.base.TestBase.Initialization(TestBase.java:36)
	at com.qa.testcases.LoginPageTest.setUp(LoginPageTest.java:24)
	at org.apache.maven.surefire.testng.TestNGExecutor.run(TestNGExecutor.java:283)
	at org.apache.maven.surefire.testng.TestNGXmlTestSuite.execute(TestNGXmlTestSuite.java:75)
	at org.apache.maven.surefire.testng.TestNGProvider.invoke(TestNGProvider.java:120)
	at org.apache.maven.surefire.booter.ForkedBooter.invokeProviderInSameClassLoader(ForkedBooter.java:384)
	at org.apache.maven.surefire.booter.ForkedBooter.runSuitesInProcess(ForkedBooter.java:345)
	at org.apache.maven.surefire.booter.ForkedBooter.execute(ForkedBooter.java:126)
	at org.apache.maven.surefire.booter.ForkedBooter.main(ForkedBooter.java:418)
... Removed 27 stack frames]]>
    </failure>
  </testcase> <!-- @BeforeMethod setUp -->
  <testcase name="@AfterMethod tearDown" time="0.0" classname="com.qa.testcases.LoginPageTest">
    <skipped/>
  </testcase> <!-- @AfterMethod tearDown -->
  <testcase name="@BeforeMethod setup" time="0.0" classname="com.qa.testcases.MerchandsPageTest">
    <failure type="org.openqa.selenium.SessionNotCreatedException" message="session not created
from chrome not reachable
  (Session info: chrome=74.0.3729.169)
  (Driver info: chromedriver=2.46.628402 (536cd7adbad73a3783fdc2cab92ab2ba7ec361e1),platform=Windows NT 6.1.7601 SP1 x86_64) (WARNING: The server did not provide any stacktrace information)
Command duration or timeout: 8.03 seconds
Build info: version: &amp;apos;2.45.0&amp;apos;, revision: &amp;apos;5017cb8e7ca8e37638dc3091b2440b90a1d8686f&amp;apos;, time: &amp;apos;2015-02-27 09:10:26&amp;apos;
System info: host: &amp;apos;Priyanka_Acer&amp;apos;, ip: &amp;apos;192.168.43.180&amp;apos;, os.name: &amp;apos;Windows 7&amp;apos;, os.arch: &amp;apos;amd64&amp;apos;, os.version: &amp;apos;6.1&amp;apos;, java.version: &amp;apos;1.8.0_191&amp;apos;
Driver info: org.openqa.selenium.chrome.ChromeDriver">
      <![CDATA[org.openqa.selenium.SessionNotCreatedException: session not created
from chrome not reachable
  (Session info: chrome=74.0.3729.169)
  (Driver info: chromedriver=2.46.628402 (536cd7adbad73a3783fdc2cab92ab2ba7ec361e1),platform=Windows NT 6.1.7601 SP1 x86_64) (WARNING: The server did not provide any stacktrace information)
Command duration or timeout: 8.03 seconds
Build info: version: '2.45.0', revision: '5017cb8e7ca8e37638dc3091b2440b90a1d8686f', time: '2015-02-27 09:10:26'
System info: host: 'Priyanka_Acer', ip: '192.168.43.180', os.name: 'Windows 7', os.arch: 'amd64', os.version: '6.1', java.version: '1.8.0_191'
Driver info: org.openqa.selenium.chrome.ChromeDriver
	at org.openqa.selenium.remote.ErrorHandler.createThrowable(ErrorHandler.java:204)
	at org.openqa.selenium.remote.ErrorHandler.throwIfResponseFailed(ErrorHandler.java:156)
	at org.openqa.selenium.remote.RemoteWebDriver.execute(RemoteWebDriver.java:599)
	at org.openqa.selenium.remote.RemoteWebDriver.startSession(RemoteWebDriver.java:240)
	at org.openqa.selenium.remote.RemoteWebDriver.<init>(RemoteWebDriver.java:126)
	at org.openqa.selenium.remote.RemoteWebDriver.<init>(RemoteWebDriver.java:139)
	at org.openqa.selenium.chrome.ChromeDriver.<init>(ChromeDriver.java:171)
	at org.openqa.selenium.chrome.ChromeDriver.<init>(ChromeDriver.java:160)
	at org.openqa.selenium.chrome.ChromeDriver.<init>(ChromeDriver.java:117)
	at com.qa.base.TestBase.Initialization(TestBase.java:36)
	at com.qa.testcases.MerchandsPageTest.setup(MerchandsPageTest.java:30)
	at org.apache.maven.surefire.testng.TestNGExecutor.run(TestNGExecutor.java:283)
	at org.apache.maven.surefire.testng.TestNGXmlTestSuite.execute(TestNGXmlTestSuite.java:75)
	at org.apache.maven.surefire.testng.TestNGProvider.invoke(TestNGProvider.java:120)
	at org.apache.maven.surefire.booter.ForkedBooter.invokeProviderInSameClassLoader(ForkedBooter.java:384)
	at org.apache.maven.surefire.booter.ForkedBooter.runSuitesInProcess(ForkedBooter.java:345)
	at org.apache.maven.surefire.booter.ForkedBooter.execute(ForkedBooter.java:126)
	at org.apache.maven.surefire.booter.ForkedBooter.main(ForkedBooter.java:418)
... Removed 27 stack frames]]>
    </failure>
  </testcase> <!-- @BeforeMethod setup -->
  <testcase name="@AfterMethod tearDown" time="0.0" classname="com.qa.testcases.MerchandsPageTest">
    <skipped/>
  </testcase> <!-- @AfterMethod tearDown -->
  <testcase name="@BeforeMethod setup" time="0.0" classname="com.qa.testcases.OrderPageTest">
    <failure type="org.openqa.selenium.WebDriverException" message="chrome not reachable
  (Session info: chrome=74.0.3729.169)
  (Driver info: chromedriver=2.46.628402 (536cd7adbad73a3783fdc2cab92ab2ba7ec361e1),platform=Windows NT 6.1.7601 SP1 x86_64) (WARNING: The server did not provide any stacktrace information)
Command duration or timeout: 6.04 seconds
Build info: version: &amp;apos;2.45.0&amp;apos;, revision: &amp;apos;5017cb8e7ca8e37638dc3091b2440b90a1d8686f&amp;apos;, time: &amp;apos;2015-02-27 09:10:26&amp;apos;
System info: host: &amp;apos;Priyanka_Acer&amp;apos;, ip: &amp;apos;192.168.43.180&amp;apos;, os.name: &amp;apos;Windows 7&amp;apos;, os.arch: &amp;apos;amd64&amp;apos;, os.version: &amp;apos;6.1&amp;apos;, java.version: &amp;apos;1.8.0_191&amp;apos;
Driver info: org.openqa.selenium.chrome.ChromeDriver
Capabilities [{mobileEmulationEnabled=false, timeouts={implicit=0, pageLoad=300000, script=30000}, hasTouchScreen=false, platform=XP, acceptSslCerts=false, goog:chromeOptions={debuggerAddress=localhost:60039}, acceptInsecureCerts=false, webStorageEnabled=true, browserName=chrome, takesScreenshot=true, javascriptEnabled=true, setWindowRect=true, unexpectedAlertBehaviour=ignore, applicationCacheEnabled=false, rotatable=false, networkConnectionEnabled=false, chrome={chromedriverVersion=2.46.628402 (536cd7adbad73a3783fdc2cab92ab2ba7ec361e1), userDataDir=C:\Users\Priyanka\AppData\Local\Temp\scoped_dir7916_16360}, takesHeapSnapshot=true, pageLoadStrategy=normal, strictFileInteractability=false, databaseEnabled=false, handlesAlerts=true, version=74.0.3729.169, browserConnectionEnabled=false, proxy={}, nativeEvents=true, locationContextEnabled=true, cssSelectorsEnabled=true}]
Session ID: 73cd2c6448c7814a757332eb80e05b02">
      <![CDATA[org.openqa.selenium.WebDriverException: chrome not reachable
  (Session info: chrome=74.0.3729.169)
  (Driver info: chromedriver=2.46.628402 (536cd7adbad73a3783fdc2cab92ab2ba7ec361e1),platform=Windows NT 6.1.7601 SP1 x86_64) (WARNING: The server did not provide any stacktrace information)
Command duration or timeout: 6.04 seconds
Build info: version: '2.45.0', revision: '5017cb8e7ca8e37638dc3091b2440b90a1d8686f', time: '2015-02-27 09:10:26'
System info: host: 'Priyanka_Acer', ip: '192.168.43.180', os.name: 'Windows 7', os.arch: 'amd64', os.version: '6.1', java.version: '1.8.0_191'
Driver info: org.openqa.selenium.chrome.ChromeDriver
Capabilities [{mobileEmulationEnabled=false, timeouts={implicit=0, pageLoad=300000, script=30000}, hasTouchScreen=false, platform=XP, acceptSslCerts=false, goog:chromeOptions={debuggerAddress=localhost:60039}, acceptInsecureCerts=false, webStorageEnabled=true, browserName=chrome, takesScreenshot=true, javascriptEnabled=true, setWindowRect=true, unexpectedAlertBehaviour=ignore, applicationCacheEnabled=false, rotatable=false, networkConnectionEnabled=false, chrome={chromedriverVersion=2.46.628402 (536cd7adbad73a3783fdc2cab92ab2ba7ec361e1), userDataDir=C:\Users\Priyanka\AppData\Local\Temp\scoped_dir7916_16360}, takesHeapSnapshot=true, pageLoadStrategy=normal, strictFileInteractability=false, databaseEnabled=false, handlesAlerts=true, version=74.0.3729.169, browserConnectionEnabled=false, proxy={}, nativeEvents=true, locationContextEnabled=true, cssSelectorsEnabled=true}]
Session ID: 73cd2c6448c7814a757332eb80e05b02
	at org.openqa.selenium.remote.ErrorHandler.createThrowable(ErrorHandler.java:204)
	at org.openqa.selenium.remote.ErrorHandler.throwIfResponseFailed(ErrorHandler.java:156)
	at org.openqa.selenium.remote.RemoteWebDriver.execute(RemoteWebDriver.java:599)
	at org.openqa.selenium.remote.RemoteWebDriver.execute(RemoteWebDriver.java:622)
	at org.openqa.selenium.remote.RemoteWebDriver$RemoteWebDriverOptions.deleteAllCookies(RemoteWebDriver.java:693)
	at com.qa.base.TestBase.Initialization(TestBase.java:44)
	at com.qa.testcases.OrderPageTest.setup(OrderPageTest.java:27)
	at org.apache.maven.surefire.testng.TestNGExecutor.run(TestNGExecutor.java:283)
	at org.apache.maven.surefire.testng.TestNGXmlTestSuite.execute(TestNGXmlTestSuite.java:75)
	at org.apache.maven.surefire.testng.TestNGProvider.invoke(TestNGProvider.java:120)
	at org.apache.maven.surefire.booter.ForkedBooter.invokeProviderInSameClassLoader(ForkedBooter.java:384)
	at org.apache.maven.surefire.booter.ForkedBooter.runSuitesInProcess(ForkedBooter.java:345)
	at org.apache.maven.surefire.booter.ForkedBooter.execute(ForkedBooter.java:126)
	at org.apache.maven.surefire.booter.ForkedBooter.main(ForkedBooter.java:418)
... Removed 27 stack frames]]>
    </failure>
  </testcase> <!-- @BeforeMethod setup -->
  <testcase name="@AfterMethod tearDown" time="0.0" classname="com.qa.testcases.OrderPageTest">
    <skipped/>
  </testcase> <!-- @AfterMethod tearDown -->
  <testcase name="@BeforeMethod setUp" time="0.0" classname="com.qa.testcases.DashBoardPageTest">
    <skipped/>
  </testcase> <!-- @BeforeMethod setUp -->
  <testcase name="@AfterMethod tearDown" time="0.0" classname="com.qa.testcases.DashBoardPageTest">
    <skipped/>
  </testcase> <!-- @AfterMethod tearDown -->
  <testcase name="@BeforeMethod setup" time="0.0" classname="com.qa.testcases.AddNewPageTest">
    <skipped/>
  </testcase> <!-- @BeforeMethod setup -->
  <testcase name="@BeforeMethod setUp" time="0.0" classname="com.qa.testcases.LoginPageTest">
    <skipped/>
  </testcase> <!-- @BeforeMethod setUp -->
  <testcase name="@AfterMethod tearDown" time="0.0" classname="com.qa.testcases.LoginPageTest">
    <skipped/>
  </testcase> <!-- @AfterMethod tearDown -->
  <testcase name="@BeforeMethod setup" time="0.0" classname="com.qa.testcases.MerchandsPageTest">
    <skipped/>
  </testcase> <!-- @BeforeMethod setup -->
  <testcase name="@AfterMethod tearDown" time="0.0" classname="com.qa.testcases.MerchandsPageTest">
    <skipped/>
  </testcase> <!-- @AfterMethod tearDown -->
  <testcase name="@BeforeMethod setup" time="0.0" classname="com.qa.testcases.OrderPageTest">
    <skipped/>
  </testcase> <!-- @BeforeMethod setup -->
  <testcase name="@AfterMethod tearDown" time="0.0" classname="com.qa.testcases.OrderPageTest">
    <skipped/>
  </testcase> <!-- @AfterMethod tearDown -->
  <testcase name="@BeforeMethod setUp" time="0.0" classname="com.qa.testcases.DashBoardPageTest">
    <skipped/>
  </testcase> <!-- @BeforeMethod setUp -->
  <testcase name="@AfterMethod tearDown" time="0.0" classname="com.qa.testcases.DashBoardPageTest">
    <skipped/>
  </testcase> <!-- @AfterMethod tearDown -->
  <testcase name="@BeforeMethod setUp" time="0.0" classname="com.qa.testcases.LoginPageTest">
    <skipped/>
  </testcase> <!-- @BeforeMethod setUp -->
  <testcase name="@AfterMethod tearDown" time="0.0" classname="com.qa.testcases.LoginPageTest">
    <skipped/>
  </testcase> <!-- @AfterMethod tearDown -->
  <testcase name="@BeforeMethod setup" time="0.0" classname="com.qa.testcases.MerchandsPageTest">
    <skipped/>
  </testcase> <!-- @BeforeMethod setup -->
  <testcase name="@AfterMethod tearDown" time="0.0" classname="com.qa.testcases.MerchandsPageTest">
    <skipped/>
  </testcase> <!-- @AfterMethod tearDown -->
  <testcase name="@BeforeMethod setup" time="0.0" classname="com.qa.testcases.OrderPageTest">
    <skipped/>
  </testcase> <!-- @BeforeMethod setup -->
  <testcase name="@AfterMethod tearDown" time="0.0" classname="com.qa.testcases.OrderPageTest">
    <skipped/>
  </testcase> <!-- @AfterMethod tearDown -->
  <testcase name="@BeforeMethod setUp" time="0.0" classname="com.qa.testcases.DashBoardPageTest">
    <skipped/>
  </testcase> <!-- @BeforeMethod setUp -->
  <testcase name="@AfterMethod tearDown" time="0.0" classname="com.qa.testcases.DashBoardPageTest">
    <skipped/>
  </testcase> <!-- @AfterMethod tearDown -->
  <testcase name="@BeforeMethod setUp" time="0.0" classname="com.qa.testcases.LoginPageTest">
    <skipped/>
  </testcase> <!-- @BeforeMethod setUp -->
  <testcase name="@AfterMethod tearDown" time="0.0" classname="com.qa.testcases.LoginPageTest">
    <skipped/>
  </testcase> <!-- @AfterMethod tearDown -->
  <testcase name="@BeforeMethod setup" time="0.0" classname="com.qa.testcases.MerchandsPageTest">
    <skipped/>
  </testcase> <!-- @BeforeMethod setup -->
  <testcase name="@AfterMethod tearDown" time="0.0" classname="com.qa.testcases.MerchandsPageTest">
    <skipped/>
  </testcase> <!-- @AfterMethod tearDown -->
  <testcase name="@BeforeMethod setup" time="0.0" classname="com.qa.testcases.OrderPageTest">
    <skipped/>
  </testcase> <!-- @BeforeMethod setup -->
  <testcase name="@AfterMethod tearDown" time="0.0" classname="com.qa.testcases.OrderPageTest">
    <skipped/>
  </testcase> <!-- @AfterMethod tearDown -->
  <testcase name="@BeforeMethod setUp" time="0.0" classname="com.qa.testcases.DashBoardPageTest">
    <skipped/>
  </testcase> <!-- @BeforeMethod setUp -->
  <testcase name="@AfterMethod tearDown" time="0.0" classname="com.qa.testcases.DashBoardPageTest">
    <skipped/>
  </testcase> <!-- @AfterMethod tearDown -->
  <testcase name="@BeforeMethod setUp" time="0.0" classname="com.qa.testcases.LoginPageTest">
    <skipped/>
  </testcase> <!-- @BeforeMethod setUp -->
  <testcase name="@AfterMethod tearDown" time="0.0" classname="com.qa.testcases.LoginPageTest">
    <skipped/>
  </testcase> <!-- @AfterMethod tearDown -->
  <testcase name="@BeforeMethod setup" time="0.0" classname="com.qa.testcases.MerchandsPageTest">
    <skipped/>
  </testcase> <!-- @BeforeMethod setup -->
  <testcase name="@AfterMethod tearDown" time="0.0" classname="com.qa.testcases.MerchandsPageTest">
    <skipped/>
  </testcase> <!-- @AfterMethod tearDown -->
  <testcase name="@BeforeMethod setup" time="0.0" classname="com.qa.testcases.OrderPageTest">
    <skipped/>
  </testcase> <!-- @BeforeMethod setup -->
  <testcase name="@AfterMethod tearDown" time="0.0" classname="com.qa.testcases.OrderPageTest">
    <skipped/>
  </testcase> <!-- @AfterMethod tearDown -->
  <testcase name="@BeforeMethod setUp" time="0.0" classname="com.qa.testcases.DashBoardPageTest">
    <skipped/>
  </testcase> <!-- @BeforeMethod setUp -->
  <testcase name="@AfterMethod tearDown" time="0.0" classname="com.qa.testcases.DashBoardPageTest">
    <skipped/>
  </testcase> <!-- @AfterMethod tearDown -->
  <testcase name="@BeforeMethod setUp" time="0.0" classname="com.qa.testcases.LoginPageTest">
    <skipped/>
  </testcase> <!-- @BeforeMethod setUp -->
  <testcase name="@AfterMethod tearDown" time="0.0" classname="com.qa.testcases.LoginPageTest">
    <skipped/>
  </testcase> <!-- @AfterMethod tearDown -->
  <testcase name="@BeforeMethod setup" time="0.0" classname="com.qa.testcases.MerchandsPageTest">
    <skipped/>
  </testcase> <!-- @BeforeMethod setup -->
  <testcase name="@AfterMethod tearDown" time="0.0" classname="com.qa.testcases.MerchandsPageTest">
    <skipped/>
  </testcase> <!-- @AfterMethod tearDown -->
  <testcase name="@BeforeMethod setup" time="0.0" classname="com.qa.testcases.OrderPageTest">
    <skipped/>
  </testcase> <!-- @BeforeMethod setup -->
  <testcase name="@AfterMethod tearDown" time="0.0" classname="com.qa.testcases.OrderPageTest">
    <skipped/>
  </testcase> <!-- @AfterMethod tearDown -->
  <testcase name="@BeforeMethod setUp" time="0.0" classname="com.qa.testcases.DashBoardPageTest">
    <skipped/>
  </testcase> <!-- @BeforeMethod setUp -->
  <testcase name="@AfterMethod tearDown" time="0.0" classname="com.qa.testcases.DashBoardPageTest">
    <skipped/>
  </testcase> <!-- @AfterMethod tearDown -->
  <testcase name="@BeforeMethod setUp" time="0.0" classname="com.qa.testcases.LoginPageTest">
    <skipped/>
  </testcase> <!-- @BeforeMethod setUp -->
  <testcase name="@AfterMethod tearDown" time="0.0" classname="com.qa.testcases.LoginPageTest">
    <skipped/>
  </testcase> <!-- @AfterMethod tearDown -->
  <testcase name="@BeforeMethod setup" time="0.0" classname="com.qa.testcases.MerchandsPageTest">
    <skipped/>
  </testcase> <!-- @BeforeMethod setup -->
  <testcase name="@AfterMethod tearDown" time="0.0" classname="com.qa.testcases.MerchandsPageTest">
    <skipped/>
  </testcase> <!-- @AfterMethod tearDown -->
  <testcase name="@BeforeMethod setup" time="0.0" classname="com.qa.testcases.OrderPageTest">
    <skipped/>
  </testcase> <!-- @BeforeMethod setup -->
  <testcase name="@AfterMethod tearDown" time="0.0" classname="com.qa.testcases.OrderPageTest">
    <skipped/>
  </testcase> <!-- @AfterMethod tearDown -->
  <testcase name="@BeforeMethod setUp" time="0.0" classname="com.qa.testcases.DashBoardPageTest">
    <skipped/>
  </testcase> <!-- @BeforeMethod setUp -->
  <testcase name="@AfterMethod tearDown" time="0.0" classname="com.qa.testcases.DashBoardPageTest">
    <skipped/>
  </testcase> <!-- @AfterMethod tearDown -->
  <testcase name="@BeforeMethod setUp" time="0.0" classname="com.qa.testcases.LoginPageTest">
    <skipped/>
  </testcase> <!-- @BeforeMethod setUp -->
  <testcase name="@AfterMethod tearDown" time="0.0" classname="com.qa.testcases.LoginPageTest">
    <skipped/>
  </testcase> <!-- @AfterMethod tearDown -->
  <testcase name="@BeforeMethod setup" time="0.0" classname="com.qa.testcases.OrderPageTest">
    <skipped/>
  </testcase> <!-- @BeforeMethod setup -->
  <testcase name="@AfterMethod tearDown" time="0.0" classname="com.qa.testcases.OrderPageTest">
    <skipped/>
  </testcase> <!-- @AfterMethod tearDown -->
  <testcase name="@BeforeMethod setUp" time="0.0" classname="com.qa.testcases.DashBoardPageTest">
    <skipped/>
  </testcase> <!-- @BeforeMethod setUp -->
  <testcase name="@AfterMethod tearDown" time="0.0" classname="com.qa.testcases.DashBoardPageTest">
    <skipped/>
  </testcase> <!-- @AfterMethod tearDown -->
  <testcase name="@BeforeMethod setUp" time="0.0" classname="com.qa.testcases.LoginPageTest">
    <skipped/>
  </testcase> <!-- @BeforeMethod setUp -->
  <testcase name="@AfterMethod tearDown" time="0.0" classname="com.qa.testcases.LoginPageTest">
    <skipped/>
  </testcase> <!-- @AfterMethod tearDown -->
  <testcase name="@BeforeMethod setUp" time="0.0" classname="com.qa.testcases.DashBoardPageTest">
    <skipped/>
  </testcase> <!-- @BeforeMethod setUp -->
  <testcase name="@AfterMethod tearDown" time="0.0" classname="com.qa.testcases.DashBoardPageTest">
    <skipped/>
  </testcase> <!-- @AfterMethod tearDown -->
  <testcase name="@BeforeMethod setUp" time="0.0" classname="com.qa.testcases.LoginPageTest">
    <skipped/>
  </testcase> <!-- @BeforeMethod setUp -->
  <testcase name="@AfterMethod tearDown" time="0.0" classname="com.qa.testcases.LoginPageTest">
    <skipped/>
  </testcase> <!-- @AfterMethod tearDown -->
  <testcase name="@BeforeMethod setUp" time="0.0" classname="com.qa.testcases.DashBoardPageTest">
    <skipped/>
  </testcase> <!-- @BeforeMethod setUp -->
  <testcase name="@AfterMethod tearDown" time="0.0" classname="com.qa.testcases.DashBoardPageTest">
    <skipped/>
  </testcase> <!-- @AfterMethod tearDown -->
  <testcase name="@BeforeMethod setUp" time="0.0" classname="com.qa.testcases.LoginPageTest">
    <skipped/>
  </testcase> <!-- @BeforeMethod setUp -->
  <testcase name="@AfterMethod tearDown" time="0.0" classname="com.qa.testcases.LoginPageTest">
    <skipped/>
  </testcase> <!-- @AfterMethod tearDown -->
  <testcase name="@BeforeMethod setUp" time="0.0" classname="com.qa.testcases.DashBoardPageTest">
    <skipped/>
  </testcase> <!-- @BeforeMethod setUp -->
  <testcase name="@AfterMethod tearDown" time="0.0" classname="com.qa.testcases.DashBoardPageTest">
    <skipped/>
  </testcase> <!-- @AfterMethod tearDown -->
  <testcase name="@BeforeMethod setUp" time="0.0" classname="com.qa.testcases.LoginPageTest">
    <skipped/>
  </testcase> <!-- @BeforeMethod setUp -->
  <testcase name="@AfterMethod tearDown" time="0.0" classname="com.qa.testcases.LoginPageTest">
    <skipped/>
  </testcase> <!-- @AfterMethod tearDown -->
  <testcase name="@BeforeMethod setUp" time="0.0" classname="com.qa.testcases.DashBoardPageTest">
    <skipped/>
  </testcase> <!-- @BeforeMethod setUp -->
  <testcase name="@AfterMethod tearDown" time="0.0" classname="com.qa.testcases.DashBoardPageTest">
    <skipped/>
  </testcase> <!-- @AfterMethod tearDown -->
  <testcase name="@BeforeMethod setUp" time="0.0" classname="com.qa.testcases.LoginPageTest">
    <skipped/>
  </testcase> <!-- @BeforeMethod setUp -->
  <testcase name="@AfterMethod tearDown" time="0.0" classname="com.qa.testcases.LoginPageTest">
    <skipped/>
  </testcase> <!-- @AfterMethod tearDown -->
  <testcase name="@BeforeMethod setUp" time="0.0" classname="com.qa.testcases.DashBoardPageTest">
    <skipped/>
  </testcase> <!-- @BeforeMethod setUp -->
  <testcase name="@AfterMethod tearDown" time="0.0" classname="com.qa.testcases.DashBoardPageTest">
    <skipped/>
  </testcase> <!-- @AfterMethod tearDown -->
  <testcase name="@BeforeMethod setUp" time="0.0" classname="com.qa.testcases.LoginPageTest">
    <skipped/>
  </testcase> <!-- @BeforeMethod setUp -->
  <testcase name="@AfterMethod tearDown" time="0.0" classname="com.qa.testcases.LoginPageTest">
    <skipped/>
  </testcase> <!-- @AfterMethod tearDown -->
  <testcase name="@BeforeMethod setUp" time="0.0" classname="com.qa.testcases.DashBoardPageTest">
    <skipped/>
  </testcase> <!-- @BeforeMethod setUp -->
  <testcase name="@AfterMethod tearDown" time="0.0" classname="com.qa.testcases.DashBoardPageTest">
    <skipped/>
  </testcase> <!-- @AfterMethod tearDown -->
  <testcase name="@BeforeMethod setUp" time="0.0" classname="com.qa.testcases.LoginPageTest">
    <skipped/>
  </testcase> <!-- @BeforeMethod setUp -->
  <testcase name="@AfterMethod tearDown" time="0.0" classname="com.qa.testcases.LoginPageTest">
    <skipped/>
  </testcase> <!-- @AfterMethod tearDown -->
  <testcase name="@BeforeMethod setUp" time="0.0" classname="com.qa.testcases.DashBoardPageTest">
    <skipped/>
  </testcase> <!-- @BeforeMethod setUp -->
  <testcase name="@AfterMethod tearDown" time="0.0" classname="com.qa.testcases.DashBoardPageTest">
    <skipped/>
  </testcase> <!-- @AfterMethod tearDown -->
  <testcase name="@BeforeMethod setUp" time="0.0" classname="com.qa.testcases.LoginPageTest">
    <skipped/>
  </testcase> <!-- @BeforeMethod setUp -->
  <testcase name="@AfterMethod tearDown" time="0.0" classname="com.qa.testcases.LoginPageTest">
    <skipped/>
  </testcase> <!-- @AfterMethod tearDown -->
  <testcase name="@BeforeMethod setUp" time="0.0" classname="com.qa.testcases.DashBoardPageTest">
    <skipped/>
  </testcase> <!-- @BeforeMethod setUp -->
  <testcase name="@AfterMethod tearDown" time="0.0" classname="com.qa.testcases.DashBoardPageTest">
    <skipped/>
  </testcase> <!-- @AfterMethod tearDown -->
  <testcase name="@BeforeMethod setUp" time="0.0" classname="com.qa.testcases.LoginPageTest">
    <skipped/>
  </testcase> <!-- @BeforeMethod setUp -->
  <testcase name="@AfterMethod tearDown" time="0.0" classname="com.qa.testcases.LoginPageTest">
    <skipped/>
  </testcase> <!-- @AfterMethod tearDown -->
  <testcase name="@BeforeMethod setUp" time="0.0" classname="com.qa.testcases.DashBoardPageTest">
    <skipped/>
  </testcase> <!-- @BeforeMethod setUp -->
  <testcase name="@AfterMethod tearDown" time="0.0" classname="com.qa.testcases.DashBoardPageTest">
    <skipped/>
  </testcase> <!-- @AfterMethod tearDown -->
  <testcase name="@BeforeMethod setUp" time="0.0" classname="com.qa.testcases.LoginPageTest">
    <skipped/>
  </testcase> <!-- @BeforeMethod setUp -->
  <testcase name="@AfterMethod tearDown" time="0.0" classname="com.qa.testcases.LoginPageTest">
    <skipped/>
  </testcase> <!-- @AfterMethod tearDown -->
  <testcase name="@BeforeMethod setUp" time="0.0" classname="com.qa.testcases.DashBoardPageTest">
    <skipped/>
  </testcase> <!-- @BeforeMethod setUp -->
  <testcase name="@AfterMethod tearDown" time="0.0" classname="com.qa.testcases.DashBoardPageTest">
    <skipped/>
  </testcase> <!-- @AfterMethod tearDown -->
  <testcase name="@BeforeMethod setUp" time="0.0" classname="com.qa.testcases.LoginPageTest">
    <skipped/>
  </testcase> <!-- @BeforeMethod setUp -->
  <testcase name="@AfterMethod tearDown" time="0.0" classname="com.qa.testcases.LoginPageTest">
    <skipped/>
  </testcase> <!-- @AfterMethod tearDown -->
  <testcase name="@BeforeMethod setUp" time="0.0" classname="com.qa.testcases.DashBoardPageTest">
    <skipped/>
  </testcase> <!-- @BeforeMethod setUp -->
  <testcase name="@AfterMethod tearDown" time="0.0" classname="com.qa.testcases.DashBoardPageTest">
    <skipped/>
  </testcase> <!-- @AfterMethod tearDown -->
  <testcase name="@BeforeMethod setUp" time="0.0" classname="com.qa.testcases.LoginPageTest">
    <skipped/>
  </testcase> <!-- @BeforeMethod setUp -->
  <testcase name="@AfterMethod tearDown" time="0.0" classname="com.qa.testcases.LoginPageTest">
    <skipped/>
  </testcase> <!-- @AfterMethod tearDown -->
  <testcase name="@BeforeMethod setUp" time="0.0" classname="com.qa.testcases.DashBoardPageTest">
    <skipped/>
  </testcase> <!-- @BeforeMethod setUp -->
  <testcase name="@AfterMethod tearDown" time="0.0" classname="com.qa.testcases.DashBoardPageTest">
    <skipped/>
  </testcase> <!-- @AfterMethod tearDown -->
  <testcase name="@BeforeMethod setUp" time="0.0" classname="com.qa.testcases.LoginPageTest">
    <skipped/>
  </testcase> <!-- @BeforeMethod setUp -->
  <testcase name="@AfterMethod tearDown" time="0.0" classname="com.qa.testcases.LoginPageTest">
    <skipped/>
  </testcase> <!-- @AfterMethod tearDown -->
  <testcase name="@BeforeMethod setUp" time="0.0" classname="com.qa.testcases.DashBoardPageTest">
    <skipped/>
  </testcase> <!-- @BeforeMethod setUp -->
  <testcase name="@AfterMethod tearDown" time="0.0" classname="com.qa.testcases.DashBoardPageTest">
    <skipped/>
  </testcase> <!-- @AfterMethod tearDown -->
  <testcase name="@BeforeMethod setUp" time="0.0" classname="com.qa.testcases.LoginPageTest">
    <skipped/>
  </testcase> <!-- @BeforeMethod setUp -->
  <testcase name="@AfterMethod tearDown" time="0.0" classname="com.qa.testcases.LoginPageTest">
    <skipped/>
  </testcase> <!-- @AfterMethod tearDown -->
  <testcase name="@BeforeMethod setUp" time="0.0" classname="com.qa.testcases.DashBoardPageTest">
    <skipped/>
  </testcase> <!-- @BeforeMethod setUp -->
  <testcase name="@AfterMethod tearDown" time="0.0" classname="com.qa.testcases.DashBoardPageTest">
    <skipped/>
  </testcase> <!-- @AfterMethod tearDown -->
  <testcase name="@BeforeMethod setUp" time="0.0" classname="com.qa.testcases.LoginPageTest">
    <skipped/>
  </testcase> <!-- @BeforeMethod setUp -->
  <testcase name="@AfterMethod tearDown" time="0.0" classname="com.qa.testcases.LoginPageTest">
    <skipped/>
  </testcase> <!-- @AfterMethod tearDown -->
  <testcase name="@BeforeMethod setUp" time="0.0" classname="com.qa.testcases.DashBoardPageTest">
    <skipped/>
  </testcase> <!-- @BeforeMethod setUp -->
  <testcase name="@AfterMethod tearDown" time="0.0" classname="com.qa.testcases.DashBoardPageTest">
    <skipped/>
  </testcase> <!-- @AfterMethod tearDown -->
  <testcase name="@BeforeMethod setUp" time="0.0" classname="com.qa.testcases.LoginPageTest">
    <skipped/>
  </testcase> <!-- @BeforeMethod setUp -->
  <testcase name="@AfterMethod tearDown" time="0.0" classname="com.qa.testcases.LoginPageTest">
    <skipped/>
  </testcase> <!-- @AfterMethod tearDown -->
  <testcase name="@BeforeMethod setUp" time="0.0" classname="com.qa.testcases.DashBoardPageTest">
    <skipped/>
  </testcase> <!-- @BeforeMethod setUp -->
  <testcase name="@AfterMethod tearDown" time="0.0" classname="com.qa.testcases.DashBoardPageTest">
    <skipped/>
  </testcase> <!-- @AfterMethod tearDown -->
  <testcase name="@BeforeMethod setUp" time="0.0" classname="com.qa.testcases.LoginPageTest">
    <skipped/>
  </testcase> <!-- @BeforeMethod setUp -->
  <testcase name="@AfterMethod tearDown" time="0.0" classname="com.qa.testcases.LoginPageTest">
    <skipped/>
  </testcase> <!-- @AfterMethod tearDown -->
  <testcase name="@BeforeMethod setUp" time="0.0" classname="com.qa.testcases.DashBoardPageTest">
    <skipped/>
  </testcase> <!-- @BeforeMethod setUp -->
  <testcase name="@AfterMethod tearDown" time="0.0" classname="com.qa.testcases.DashBoardPageTest">
    <skipped/>
  </testcase> <!-- @AfterMethod tearDown -->
  <testcase name="@BeforeMethod setUp" time="0.0" classname="com.qa.testcases.LoginPageTest">
    <skipped/>
  </testcase> <!-- @BeforeMethod setUp -->
  <testcase name="@AfterMethod tearDown" time="0.0" classname="com.qa.testcases.LoginPageTest">
    <skipped/>
  </testcase> <!-- @AfterMethod tearDown -->
  <testcase name="@BeforeMethod setUp" time="0.0" classname="com.qa.testcases.DashBoardPageTest">
    <skipped/>
  </testcase> <!-- @BeforeMethod setUp -->
  <testcase name="@AfterMethod tearDown" time="0.0" classname="com.qa.testcases.DashBoardPageTest">
    <skipped/>
  </testcase> <!-- @AfterMethod tearDown -->
  <testcase name="@BeforeMethod setUp" time="0.0" classname="com.qa.testcases.LoginPageTest">
    <skipped/>
  </testcase> <!-- @BeforeMethod setUp -->
  <testcase name="@AfterMethod tearDown" time="0.0" classname="com.qa.testcases.LoginPageTest">
    <skipped/>
  </testcase> <!-- @AfterMethod tearDown -->
  <testcase name="@BeforeMethod setUp" time="0.0" classname="com.qa.testcases.DashBoardPageTest">
    <skipped/>
  </testcase> <!-- @BeforeMethod setUp -->
  <testcase name="@AfterMethod tearDown" time="0.0" classname="com.qa.testcases.DashBoardPageTest">
    <skipped/>
  </testcase> <!-- @AfterMethod tearDown -->
  <testcase name="@BeforeMethod setUp" time="0.0" classname="com.qa.testcases.LoginPageTest">
    <skipped/>
  </testcase> <!-- @BeforeMethod setUp -->
  <testcase name="@AfterMethod tearDown" time="0.0" classname="com.qa.testcases.LoginPageTest">
    <skipped/>
  </testcase> <!-- @AfterMethod tearDown -->
  <testcase name="@BeforeMethod setUp" time="0.0" classname="com.qa.testcases.DashBoardPageTest">
    <skipped/>
  </testcase> <!-- @BeforeMethod setUp -->
  <testcase name="@AfterMethod tearDown" time="0.0" classname="com.qa.testcases.DashBoardPageTest">
    <skipped/>
  </testcase> <!-- @AfterMethod tearDown -->
  <testcase name="@BeforeMethod setUp" time="0.0" classname="com.qa.testcases.LoginPageTest">
    <skipped/>
  </testcase> <!-- @BeforeMethod setUp -->
  <testcase name="@AfterMethod tearDown" time="0.0" classname="com.qa.testcases.LoginPageTest">
    <skipped/>
  </testcase> <!-- @AfterMethod tearDown -->
  <testcase name="@BeforeMethod setUp" time="0.0" classname="com.qa.testcases.DashBoardPageTest">
    <skipped/>
  </testcase> <!-- @BeforeMethod setUp -->
  <testcase name="@AfterMethod tearDown" time="0.0" classname="com.qa.testcases.DashBoardPageTest">
    <skipped/>
  </testcase> <!-- @AfterMethod tearDown -->
  <testcase name="@BeforeMethod setUp" time="0.0" classname="com.qa.testcases.LoginPageTest">
    <skipped/>
  </testcase> <!-- @BeforeMethod setUp -->
  <testcase name="@AfterMethod tearDown" time="0.0" classname="com.qa.testcases.LoginPageTest">
    <skipped/>
  </testcase> <!-- @AfterMethod tearDown -->
  <testcase name="@BeforeMethod setUp" time="0.0" classname="com.qa.testcases.DashBoardPageTest">
    <skipped/>
  </testcase> <!-- @BeforeMethod setUp -->
  <testcase name="@AfterMethod tearDown" time="0.0" classname="com.qa.testcases.DashBoardPageTest">
    <skipped/>
  </testcase> <!-- @AfterMethod tearDown -->
  <testcase name="@BeforeMethod setUp" time="0.0" classname="com.qa.testcases.DashBoardPageTest">
    <skipped/>
  </testcase> <!-- @BeforeMethod setUp -->
  <testcase name="@AfterMethod tearDown" time="0.0" classname="com.qa.testcases.DashBoardPageTest">
    <skipped/>
  </testcase> <!-- @AfterMethod tearDown -->
  <testcase name="@BeforeMethod setUp" time="0.0" classname="com.qa.testcases.DashBoardPageTest">
    <skipped/>
  </testcase> <!-- @BeforeMethod setUp -->
  <testcase name="@AfterMethod tearDown" time="0.0" classname="com.qa.testcases.DashBoardPageTest">
    <skipped/>
  </testcase> <!-- @AfterMethod tearDown -->
  <testcase name="@BeforeMethod setUp" time="0.0" classname="com.qa.testcases.DashBoardPageTest">
    <skipped/>
  </testcase> <!-- @BeforeMethod setUp -->
  <testcase name="@AfterMethod tearDown" time="0.0" classname="com.qa.testcases.DashBoardPageTest">
    <skipped/>
  </testcase> <!-- @AfterMethod tearDown -->
  <testcase name="@BeforeMethod setUp" time="0.0" classname="com.qa.testcases.DashBoardPageTest">
    <skipped/>
  </testcase> <!-- @BeforeMethod setUp -->
  <testcase name="@AfterMethod tearDown" time="0.0" classname="com.qa.testcases.DashBoardPageTest">
    <skipped/>
  </testcase> <!-- @AfterMethod tearDown -->
  <testcase name="@BeforeMethod setUp" time="0.0" classname="com.qa.testcases.DashBoardPageTest">
    <skipped/>
  </testcase> <!-- @BeforeMethod setUp -->
  <testcase name="@AfterMethod tearDown" time="0.0" classname="com.qa.testcases.DashBoardPageTest">
    <skipped/>
  </testcase> <!-- @AfterMethod tearDown -->
  <testcase name="@BeforeMethod setUp" time="0.0" classname="com.qa.testcases.DashBoardPageTest">
    <skipped/>
  </testcase> <!-- @BeforeMethod setUp -->
  <testcase name="@AfterMethod tearDown" time="0.0" classname="com.qa.testcases.DashBoardPageTest">
    <skipped/>
  </testcase> <!-- @AfterMethod tearDown -->
  <testcase name="@BeforeMethod setUp" time="0.0" classname="com.qa.testcases.DashBoardPageTest">
    <skipped/>
  </testcase> <!-- @BeforeMethod setUp -->
  <testcase name="@AfterMethod tearDown" time="0.0" classname="com.qa.testcases.DashBoardPageTest">
    <skipped/>
  </testcase> <!-- @AfterMethod tearDown -->
  <testcase name="validatClickOnAddNewUser" time="1.319" classname="com.qa.testcases.OrderPageTest"/>
  <testcase name="validateLogoWithVersion" time="1.791" classname="com.qa.testcases.DashBoardPageTest"/>
  <testcase name="validateTitleofDashboard" time="0.0" classname="com.qa.testcases.DashBoardPageTest">
    <skipped/>
  </testcase> <!-- validateTitleofDashboard -->
  <testcase name="validateAddNewCustomer" time="0.001" classname="com.qa.testcases.AddNewPageTest">
    <skipped/>
  </testcase> <!-- validateAddNewCustomer -->
  <testcase name="validateTitle" time="0.0" classname="com.qa.testcases.LoginPageTest">
    <skipped/>
  </testcase> <!-- validateTitle -->
  <testcase name="validateTitleOfMerchandsPage" time="0.0" classname="com.qa.testcases.MerchandsPageTest">
    <skipped/>
  </testcase> <!-- validateTitleOfMerchandsPage -->
  <testcase name="validatesearchForOrder" time="0.0" classname="com.qa.testcases.OrderPageTest">
    <skipped/>
  </testcase> <!-- validatesearchForOrder -->
  <testcase name="validateShopCartText" time="0.0" classname="com.qa.testcases.DashBoardPageTest">
    <skipped/>
  </testcase> <!-- validateShopCartText -->
  <testcase name="validateSwithchToWindow" time="0.0" classname="com.qa.testcases.AddNewPageTest">
    <skipped/>
  </testcase> <!-- validateSwithchToWindow -->
  <testcase name="validatePrestaLogo" time="0.0" classname="com.qa.testcases.LoginPageTest">
    <skipped/>
  </testcase> <!-- validatePrestaLogo -->
  <testcase name="validateHelpMenu" time="0.001" classname="com.qa.testcases.MerchandsPageTest">
    <skipped/>
  </testcase> <!-- validateHelpMenu -->
  <testcase name="validateOrderPageTitle" time="0.0" classname="com.qa.testcases.OrderPageTest">
    <skipped/>
  </testcase> <!-- validateOrderPageTitle -->
  <testcase name="validateCustomerLogoLink" time="0.0" classname="com.qa.testcases.DashBoardPageTest">
    <skipped/>
  </testcase> <!-- validateCustomerLogoLink -->
  <testcase name="validatePrestaLogoText" time="0.0" classname="com.qa.testcases.LoginPageTest">
    <skipped/>
  </testcase> <!-- validatePrestaLogoText -->
  <testcase name="validateEnableYes" time="0.0" classname="com.qa.testcases.MerchandsPageTest">
    <skipped/>
  </testcase> <!-- validateEnableYes -->
  <testcase name="validateHelpMenu" time="0.0" classname="com.qa.testcases.OrderPageTest">
    <skipped/>
  </testcase> <!-- validateHelpMenu -->
  <testcase name="validateShopCartLogoLink" time="0.0" classname="com.qa.testcases.DashBoardPageTest">
    <skipped/>
  </testcase> <!-- validateShopCartLogoLink -->
  <testcase name="validateCurrentUrl" time="0.0" classname="com.qa.testcases.LoginPageTest">
    <skipped/>
  </testcase> <!-- validateCurrentUrl -->
  <testcase name="validateEnableNo" time="0.0" classname="com.qa.testcases.MerchandsPageTest">
    <skipped/>
  </testcase> <!-- validateEnableNo -->
  <testcase name="validateAbanbonedCartslink" time="0.0" classname="com.qa.testcases.OrderPageTest">
    <skipped/>
  </testcase> <!-- validateAbanbonedCartslink -->
  <testcase name="validateShowOrderLink" time="0.0" classname="com.qa.testcases.DashBoardPageTest">
    <skipped/>
  </testcase> <!-- validateShowOrderLink -->
  <testcase name="validateTextBelowLogo" time="0.0" classname="com.qa.testcases.LoginPageTest">
    <skipped/>
  </testcase> <!-- validateTextBelowLogo -->
  <testcase name="validateReturnsPrefix" time="0.0" classname="com.qa.testcases.MerchandsPageTest">
    <skipped/>
  </testcase> <!-- validateReturnsPrefix -->
  <testcase name="validateExportlink" time="0.0" classname="com.qa.testcases.OrderPageTest">
    <skipped/>
  </testcase> <!-- validateExportlink -->
  <testcase name="validateShowAllCustomerLink" time="0.0" classname="com.qa.testcases.DashBoardPageTest">
    <skipped/>
  </testcase> <!-- validateShowAllCustomerLink -->
  <testcase name="validateEmailLable" time="0.0" classname="com.qa.testcases.LoginPageTest">
    <skipped/>
  </testcase> <!-- validateEmailLable -->
  <testcase name="validateTimeLimitOfValidity" time="0.0" classname="com.qa.testcases.MerchandsPageTest">
    <skipped/>
  </testcase> <!-- validateTimeLimitOfValidity -->
  <testcase name="validatecheckRefreshlink" time="0.0" classname="com.qa.testcases.OrderPageTest">
    <skipped/>
  </testcase> <!-- validatecheckRefreshlink -->
  <testcase name="validateShowAllMessages" time="0.0" classname="com.qa.testcases.DashBoardPageTest">
    <skipped/>
  </testcase> <!-- validateShowAllMessages -->
  <testcase name="validateEmailPlaceholder" time="0.0" classname="com.qa.testcases.LoginPageTest">
    <skipped/>
  </testcase> <!-- validateEmailPlaceholder -->
  <testcase name="validateSavebtn" time="0.0" classname="com.qa.testcases.MerchandsPageTest">
    <skipped/>
  </testcase> <!-- validateSavebtn -->
  <testcase name="validatecheckshowSqlQuerylink" time="0.0" classname="com.qa.testcases.OrderPageTest">
    <skipped/>
  </testcase> <!-- validatecheckshowSqlQuerylink -->
  <testcase name="validateMessageBoxLogo" time="0.0" classname="com.qa.testcases.DashBoardPageTest">
    <skipped/>
  </testcase> <!-- validateMessageBoxLogo -->
  <testcase name="validatePasswordPlaceholder" time="0.0" classname="com.qa.testcases.LoginPageTest">
    <skipped/>
  </testcase> <!-- validatePasswordPlaceholder -->
  <testcase name="validateExportToSqlManagerlink" time="0.0" classname="com.qa.testcases.OrderPageTest">
    <skipped/>
  </testcase> <!-- validateExportToSqlManagerlink -->
  <testcase name="validateQuickAccessBtnColor" time="0.0" classname="com.qa.testcases.DashBoardPageTest">
    <skipped/>
  </testcase> <!-- validateQuickAccessBtnColor -->
  <testcase name="validateBlankEmailPassword" time="0.0" classname="com.qa.testcases.LoginPageTest">
    <skipped/>
  </testcase> <!-- validateBlankEmailPassword -->
  <testcase name="validateClickOnQuickAccess" time="0.0" classname="com.qa.testcases.DashBoardPageTest">
    <skipped/>
  </testcase> <!-- validateClickOnQuickAccess -->
  <testcase name="validateBlankEmailAndValidPassword" time="0.0" classname="com.qa.testcases.LoginPageTest">
    <skipped/>
  </testcase> <!-- validateBlankEmailAndValidPassword -->
  <testcase name="validateQuickAccess1Option" time="0.0" classname="com.qa.testcases.DashBoardPageTest">
    <skipped/>
  </testcase> <!-- validateQuickAccess1Option -->
  <testcase name="validateCorrectEmailAndBlankPassword" time="0.0" classname="com.qa.testcases.LoginPageTest">
    <skipped/>
  </testcase> <!-- validateCorrectEmailAndBlankPassword -->
  <testcase name="validateQuickAccess2Option" time="0.0" classname="com.qa.testcases.DashBoardPageTest">
    <skipped/>
  </testcase> <!-- validateQuickAccess2Option -->
  <testcase name="validateCorrectEmailAndInvalidPassword" time="0.001" classname="com.qa.testcases.LoginPageTest">
    <skipped/>
  </testcase> <!-- validateCorrectEmailAndInvalidPassword -->
  <testcase name="validateQuickAccess3Option" time="0.001" classname="com.qa.testcases.DashBoardPageTest">
    <skipped/>
  </testcase> <!-- validateQuickAccess3Option -->
  <testcase name="validateInvalidEmailAndValidPassword" time="0.0" classname="com.qa.testcases.LoginPageTest">
    <skipped/>
  </testcase> <!-- validateInvalidEmailAndValidPassword -->
  <testcase name="validateaddCurrentPageToQuickAccess" time="0.0" classname="com.qa.testcases.DashBoardPageTest">
    <skipped/>
  </testcase> <!-- validateaddCurrentPageToQuickAccess -->
  <testcase name="validateInvalidEmailAndInvalidPassword" time="0.0" classname="com.qa.testcases.LoginPageTest">
    <skipped/>
  </testcase> <!-- validateInvalidEmailAndInvalidPassword -->
  <testcase name="validateConnectToPrestashopMarketPlaceAccountcolor" time="0.0" classname="com.qa.testcases.DashBoardPageTest">
    <skipped/>
  </testcase> <!-- validateConnectToPrestashopMarketPlaceAccountcolor -->
  <testcase name="validEmailAndPassword" time="0.0" classname="com.qa.testcases.LoginPageTest">
    <skipped/>
  </testcase> <!-- validEmailAndPassword -->
  <testcase name="validateconnectToPrestashopMarketPlaceAccount" time="0.0" classname="com.qa.testcases.DashBoardPageTest">
    <skipped/>
  </testcase> <!-- validateconnectToPrestashopMarketPlaceAccount -->
  <testcase name="validateColorOfLoginBtn" time="0.0" classname="com.qa.testcases.LoginPageTest">
    <skipped/>
  </testcase> <!-- validateColorOfLoginBtn -->
  <testcase name="validateMyShopLink" time="0.011" classname="com.qa.testcases.DashBoardPageTest">
    <skipped/>
  </testcase> <!-- validateMyShopLink -->
  <testcase name="validateForgotPasswordLink" time="0.001" classname="com.qa.testcases.LoginPageTest">
    <skipped/>
  </testcase> <!-- validateForgotPasswordLink -->
  <testcase name="ValidateclickOnSystemAdministrator" time="0.0" classname="com.qa.testcases.DashBoardPageTest">
    <skipped/>
  </testcase> <!-- ValidateclickOnSystemAdministrator -->
  <testcase name="validateIscheckBoXSelectedNot" time="0.0" classname="com.qa.testcases.LoginPageTest">
    <skipped/>
  </testcase> <!-- validateIscheckBoXSelectedNot -->
  <testcase name="ValidateclickOnSignOutBtn" time="0.0" classname="com.qa.testcases.DashBoardPageTest">
    <skipped/>
  </testcase> <!-- ValidateclickOnSignOutBtn -->
  <testcase name="validateIscheckBoXSelected" time="0.0" classname="com.qa.testcases.LoginPageTest">
    <skipped/>
  </testcase> <!-- validateIscheckBoXSelected -->
  <testcase name="ValidateIsDemoModeBtnEnabled" time="0.0" classname="com.qa.testcases.DashBoardPageTest">
    <skipped/>
  </testcase> <!-- ValidateIsDemoModeBtnEnabled -->
  <testcase name="validateStayLoginText" time="0.0" classname="com.qa.testcases.LoginPageTest">
    <skipped/>
  </testcase> <!-- validateStayLoginText -->
  <testcase name="ValidateClickOnHelpMenuBtn" time="0.0" classname="com.qa.testcases.DashBoardPageTest">
    <skipped/>
  </testcase> <!-- ValidateClickOnHelpMenuBtn -->
  <testcase name="validateRighReserveLink" time="0.0" classname="com.qa.testcases.LoginPageTest">
    <skipped/>
  </testcase> <!-- validateRighReserveLink -->
  <testcase name="ValidateColorOfSearchBox" time="0.0" classname="com.qa.testcases.DashBoardPageTest">
    <skipped/>
  </testcase> <!-- ValidateColorOfSearchBox -->
  <testcase name="validateTwitterLogo" time="0.0" classname="com.qa.testcases.LoginPageTest">
    <skipped/>
  </testcase> <!-- validateTwitterLogo -->
  <testcase name="ValidateSearchBoxBtn" time="0.0" classname="com.qa.testcases.DashBoardPageTest">
    <skipped/>
  </testcase> <!-- ValidateSearchBoxBtn -->
  <testcase name="validateFacebookLogo" time="0.0" classname="com.qa.testcases.LoginPageTest">
    <skipped/>
  </testcase> <!-- validateFacebookLogo -->
  <testcase name="ValidatecountAllLinksOfCurrentPage" time="0.0" classname="com.qa.testcases.DashBoardPageTest">
    <skipped/>
  </testcase> <!-- ValidatecountAllLinksOfCurrentPage -->
  <testcase name="validateGithubLogo" time="0.0" classname="com.qa.testcases.LoginPageTest">
    <skipped/>
  </testcase> <!-- validateGithubLogo -->
  <testcase name="ValidateOrderslink" time="0.001" classname="com.qa.testcases.DashBoardPageTest">
    <skipped/>
  </testcase> <!-- ValidateOrderslink -->
  <testcase name="validateGoogleLogo" time="0.0" classname="com.qa.testcases.LoginPageTest">
    <skipped/>
  </testcase> <!-- validateGoogleLogo -->
  <testcase name="ValidateCatalogLink" time="0.0" classname="com.qa.testcases.DashBoardPageTest">
    <skipped/>
  </testcase> <!-- ValidateCatalogLink -->
  <testcase name="validateColorOfTwitterLogo" time="0.0" classname="com.qa.testcases.LoginPageTest">
    <skipped/>
  </testcase> <!-- validateColorOfTwitterLogo -->
  <testcase name="ValiodateClickOnCustomers" time="0.0" classname="com.qa.testcases.DashBoardPageTest">
    <skipped/>
  </testcase> <!-- ValiodateClickOnCustomers -->
  <testcase name="validateColorOfFacebookLogo" time="0.0" classname="com.qa.testcases.LoginPageTest">
    <skipped/>
  </testcase> <!-- validateColorOfFacebookLogo -->
  <testcase name="ValidateClickOnPriceRules" time="0.0" classname="com.qa.testcases.DashBoardPageTest">
    <skipped/>
  </testcase> <!-- ValidateClickOnPriceRules -->
  <testcase name="validateColorOfGoogleLogo" time="0.0" classname="com.qa.testcases.LoginPageTest">
    <skipped/>
  </testcase> <!-- validateColorOfGoogleLogo -->
  <testcase name="ValidateclickOnModulesAndServices" time="0.0" classname="com.qa.testcases.DashBoardPageTest">
    <skipped/>
  </testcase> <!-- ValidateclickOnModulesAndServices -->
  <testcase name="validateColorOfGitHubLogo" time="0.0" classname="com.qa.testcases.LoginPageTest">
    <skipped/>
  </testcase> <!-- validateColorOfGitHubLogo -->
  <testcase name="ValidateclickOnShipping" time="0.001" classname="com.qa.testcases.DashBoardPageTest">
    <skipped/>
  </testcase> <!-- ValidateclickOnShipping -->
  <testcase name="validateRightsReserveLinkIsDisplayed" time="0.108" classname="com.qa.testcases.LoginPageTest">
    <skipped/>
  </testcase> <!-- validateRightsReserveLinkIsDisplayed -->
  <testcase name="ValidateclickOnLocalization" time="0.0" classname="com.qa.testcases.DashBoardPageTest">
    <skipped/>
  </testcase> <!-- ValidateclickOnLocalization -->
  <testcase name="ValidateclickOnPreferences" time="0.0" classname="com.qa.testcases.DashBoardPageTest">
    <skipped/>
  </testcase> <!-- ValidateclickOnPreferences -->
  <testcase name="ValidateclickOnAdvancedParameters" time="0.0" classname="com.qa.testcases.DashBoardPageTest">
    <skipped/>
  </testcase> <!-- ValidateclickOnAdvancedParameters -->
  <testcase name="ValidateclickOnAdministration" time="0.0" classname="com.qa.testcases.DashBoardPageTest">
    <skipped/>
  </testcase> <!-- ValidateclickOnAdministration -->
  <testcase name="ValidateclickOnStates" time="0.0" classname="com.qa.testcases.DashBoardPageTest">
    <skipped/>
  </testcase> <!-- ValidateclickOnStates -->
  <testcase name="ValidateClickOnMaximizeDashboard" time="0.001" classname="com.qa.testcases.DashBoardPageTest">
    <skipped/>
  </testcase> <!-- ValidateClickOnMaximizeDashboard -->
  <testcase name="ValidateclickOnContactBtn" time="0.001" classname="com.qa.testcases.DashBoardPageTest">
    <skipped/>
  </testcase> <!-- ValidateclickOnContactBtn -->
  <testcase name="ValidateMerchandslink" time="0.0" classname="com.qa.testcases.DashBoardPageTest">
    <skipped/>
  </testcase> <!-- ValidateMerchandslink -->
</testsuite> <!-- Test -->
